<?xml version="1.0" encoding="UTF-8"?>
<!-- Generated by org.testng.reporters.JUnitReportReporter -->
<testsuite skipped="0" hostname="DESKTOP-4MMI934" name="com.ebay.qa.tests.Testcase1" tests="1" failures="0" timestamp="2020-06-29T13:43:19 IST" time="12.182" errors="0">
  <testcase name="Testcase" time="12.182" classname="com.ebay.qa.tests.Testcase1"/>
  <system-out/>
</testsuite> <!-- com.ebay.qa.tests.Testcase1 -->
